<?xml version="1.0" encoding="UTF-8"?>
<!-- Generated by org.testng.reporters.JUnitXMLReporter -->
<testsuite ignored="0" hostname="ZSCHN01LP0312" failures="0" tests="3" name="Default test" time="4.852" errors="0" timestamp="2024-02-06T15:06:40 IST">
  <testcase classname="testScripts.PageOrderTest" name="addToCartTest" time="1.034"/>
  <testcase classname="testScripts.PageOrderTest" name="checkoutTest" time="0.171"/>
  <testcase classname="testScripts.PageOrderTest" name="checkoutForm" time="0.94"/>
</testsuite> <!-- Default test -->
