<?xml version="1.0" encoding="UTF-8"?>
<testng-results ignored="0" total="3" passed="3" failed="0" skipped="0">
  <reporter-output>
  </reporter-output>
  <suite started-at="2024-02-06T15:06:35 IST" name="Default suite" finished-at="2024-02-06T15:06:40 IST" duration-ms="4852">
    <groups>
    </groups>
    <test started-at="2024-02-06T15:06:35 IST" name="Default test" finished-at="2024-02-06T15:06:40 IST" duration-ms="4852">
      <class name="testScripts.PageOrderTest">
        <test-method is-config="true" signature="setup()[pri:0, instance:testScripts.PageOrderTest@61e3a1fd]" started-at="2024-02-06T15:06:35 IST" name="setup" finished-at="2024-02-06T15:06:38 IST" duration-ms="2639" status="PASS">
          <reporter-output>
          </reporter-output>
        </test-method> <!-- setup -->
        <test-method signature="addToCartTest()[pri:1, instance:testScripts.PageOrderTest@61e3a1fd]" started-at="2024-02-06T15:06:38 IST" name="addToCartTest" finished-at="2024-02-06T15:06:39 IST" duration-ms="1034" status="PASS">
          <reporter-output>
          </reporter-output>
        </test-method> <!-- addToCartTest -->
        <test-method signature="checkoutTest()[pri:2, instance:testScripts.PageOrderTest@61e3a1fd]" started-at="2024-02-06T15:06:39 IST" name="checkoutTest" finished-at="2024-02-06T15:06:39 IST" duration-ms="171" status="PASS">
          <reporter-output>
          </reporter-output>
        </test-method> <!-- checkoutTest -->
        <test-method signature="checkoutForm()[pri:3, instance:testScripts.PageOrderTest@61e3a1fd]" started-at="2024-02-06T15:06:39 IST" name="checkoutForm" finished-at="2024-02-06T15:06:40 IST" duration-ms="940" status="PASS">
          <reporter-output>
          </reporter-output>
        </test-method> <!-- checkoutForm -->
      </class> <!-- testScripts.PageOrderTest -->
    </test> <!-- Default test -->
  </suite> <!-- Default suite -->
</testng-results>
